Drill report for C:\Users\weird.TUX\source\repos\gamerino\PCB\gamerino.kicad_pcb
Created on 27/05/2021 22:17:46

Copper Layer Stackup:
    =============================================================
    L1 :  F.Cu                      front
    L2 :  B.Cu                      back


Drill file 'gamerino-PTH.drl' contains
    plated through holes:
    =============================================================
    T1  0,40mm  0,016"  (91 holes)
    T2  0,50mm  0,020"  (6 holes)
    T3  0,80mm  0,031"  (8 holes)
    T4  1,00mm  0,039"  (30 holes)
    T5  1,10mm  0,043"  (8 holes)

    Total plated holes count 143


Drill file 'gamerino-NPTH.drl' contains
    unplated through holes:
    =============================================================
    T1  0,90mm  0,035"  (1 hole)
    T2  1,00mm  0,039"  (4 holes)
    T3  1,30mm  0,051"  (1 hole)
    T4  1,40mm  0,055"  (4 holes)
    T5  1,50mm  0,059"  (2 holes)
    T6  2,00mm  0,079"  (2 holes)
    T7  2,20mm  0,087"  (3 holes)
    T8  3,20mm  0,126"  (4 holes)

    Total unplated holes count 21
